This is pdfTeX, Version 3.14159265-2.6-1.40.16 (TeX Live 2015/Debian) (preloaded format=pdflatex 2017.8.28)  7 OCT 2017 16:40
entering extended mode
 restricted \write18 enabled.
 %&-line parsing enabled.
**thesis.tex
(./thesis.tex
LaTeX2e <2016/02/01>
Babel <3.9q> and hyphenation patterns for 3 language(s) loaded.
(./aitthesis.cls
Document Class: aitthesis 2006/04/25 Asian Institute of Technology Thesis Class

(/usr/share/texlive/texmf-dist/tex/latex/base/report.cls
Document Class: report 2014/09/29 v1.4h Standard LaTeX document class
(/usr/share/texlive/texmf-dist/tex/latex/base/size12.clo
File: size12.clo 2014/09/29 v1.4h Standard LaTeX file (size option)
)
\c@part=\count79
\c@chapter=\count80
\c@section=\count81
\c@subsection=\count82
\c@subsubsection=\count83
\c@paragraph=\count84
\c@subparagraph=\count85
\c@figure=\count86
\c@table=\count87
\abovecaptionskip=\skip41
\belowcaptionskip=\skip42
\bibindent=\dimen102
) (./aitfont12.sty)
\descriptionmargin=\dimen103
\c@appendix=\count88
\c@sucount=\count89
\toddhack=\dimen104
\twoem=\dimen105
\zeroem=\dimen106
\fignumbox=\dimen107

(./aittitle.sty)
\c@lineno=\count90
\c@Lineno=\count91
) (/usr/share/texlive/texmf-dist/tex/latex/tabto-ltx/tabto.sty
Package: tabto 2013/03/25  v 1.3  Another tabbing mechanism
\CurrentLineWidth=\dimen108
) (/usr/share/texlive/texmf-dist/tex/latex/graphics/graphicx.sty
Package: graphicx 2014/10/28 v1.0g Enhanced LaTeX Graphics (DPC,SPQR)

(/usr/share/texlive/texmf-dist/tex/latex/graphics/keyval.sty
Package: keyval 2014/10/28 v1.15 key=value parser (DPC)
\KV@toks@=\toks14
)
(/usr/share/texlive/texmf-dist/tex/latex/graphics/graphics.sty
Package: graphics 2016/01/03 v1.0q Standard LaTeX Graphics (DPC,SPQR)

(/usr/share/texlive/texmf-dist/tex/latex/graphics/trig.sty
Package: trig 2016/01/03 v1.10 sin cos tan (DPC)
)
(/usr/share/texlive/texmf-dist/tex/latex/latexconfig/graphics.cfg
File: graphics.cfg 2010/04/23 v1.9 graphics configuration of TeX Live
)
Package graphics Info: Driver file: pdftex.def on input line 95.

(/usr/share/texlive/texmf-dist/tex/latex/pdftex-def/pdftex.def
File: pdftex.def 2011/05/27 v0.06d Graphics/color for pdfTeX

(/usr/share/texlive/texmf-dist/tex/generic/oberdiek/infwarerr.sty
Package: infwarerr 2010/04/08 v1.3 Providing info/warning/error messages (HO)
)
(/usr/share/texlive/texmf-dist/tex/generic/oberdiek/ltxcmds.sty
Package: ltxcmds 2011/11/09 v1.22 LaTeX kernel commands for general use (HO)
)
\Gread@gobject=\count92
))
\Gin@req@height=\dimen109
\Gin@req@width=\dimen110
)
(/usr/share/texlive/texmf-dist/tex/latex/base/latexsym.sty
Package: latexsym 1998/08/17 v2.2e Standard LaTeX package (lasy symbols)
\symlasy=\mathgroup4
LaTeX Font Info:    Overwriting symbol font `lasy' in version `bold'
(Font)                  U/lasy/m/n --> U/lasy/b/n on input line 52.
)
(/usr/share/texlive/texmf-dist/tex/latex/amsfonts/amssymb.sty
Package: amssymb 2013/01/14 v3.01 AMS font symbols

(/usr/share/texlive/texmf-dist/tex/latex/amsfonts/amsfonts.sty
Package: amsfonts 2013/01/14 v3.01 Basic AMSFonts support
\@emptytoks=\toks15
\symAMSa=\mathgroup5
\symAMSb=\mathgroup6
LaTeX Font Info:    Overwriting math alphabet `\mathfrak' in version `bold'
(Font)                  U/euf/m/n --> U/euf/b/n on input line 106.
))
(/usr/share/texlive/texmf-dist/tex/latex/amscls/amsthm.sty
Package: amsthm 2015/03/04 v2.20.2
\thm@style=\toks16
\thm@bodyfont=\toks17
\thm@headfont=\toks18
\thm@notefont=\toks19
\thm@headpunct=\toks20
\thm@preskip=\skip43
\thm@postskip=\skip44
\thm@headsep=\skip45
\dth@everypar=\toks21
)
(/usr/share/texlive/texmf-dist/tex/latex/amsmath/amsmath.sty
Package: amsmath 2016/03/03 v2.15a AMS math features
\@mathmargin=\skip46

For additional information on amsmath, use the `?' option.
(/usr/share/texlive/texmf-dist/tex/latex/amsmath/amstext.sty
Package: amstext 2000/06/29 v2.01 AMS text

(/usr/share/texlive/texmf-dist/tex/latex/amsmath/amsgen.sty
File: amsgen.sty 1999/11/30 v2.0 generic functions
\@emptytoks=\toks22
\ex@=\dimen111
))
(/usr/share/texlive/texmf-dist/tex/latex/amsmath/amsbsy.sty
Package: amsbsy 1999/11/29 v1.2d Bold Symbols
\pmbraise@=\dimen112
)
(/usr/share/texlive/texmf-dist/tex/latex/amsmath/amsopn.sty
Package: amsopn 1999/12/14 v2.01 operator names
)
\inf@bad=\count93
LaTeX Info: Redefining \frac on input line 199.
\uproot@=\count94
\leftroot@=\count95
LaTeX Info: Redefining \overline on input line 297.
\classnum@=\count96
\DOTSCASE@=\count97
LaTeX Info: Redefining \ldots on input line 394.
LaTeX Info: Redefining \dots on input line 397.
LaTeX Info: Redefining \cdots on input line 518.
\Mathstrutbox@=\box26
\strutbox@=\box27
\big@size=\dimen113
LaTeX Font Info:    Redeclaring font encoding OML on input line 630.
LaTeX Font Info:    Redeclaring font encoding OMS on input line 631.
\macc@depth=\count98
\c@MaxMatrixCols=\count99
\dotsspace@=\muskip10
\c@parentequation=\count100
\dspbrk@lvl=\count101
\tag@help=\toks23
\row@=\count102
\column@=\count103
\maxfields@=\count104
\andhelp@=\toks24
\eqnshift@=\dimen114
\alignsep@=\dimen115
\tagshift@=\dimen116
\tagwidth@=\dimen117
\totwidth@=\dimen118
\lineht@=\dimen119
\@envbody=\toks25
\multlinegap=\skip47
\multlinetaggap=\skip48
\mathdisplay@stack=\toks26
LaTeX Info: Redefining \[ on input line 2735.
LaTeX Info: Redefining \] on input line 2736.
) (./apacite.sty
Package: apacite 2005/06/08 APA citation
\c@BibCnt=\count105
\bibleftmargin=\skip49
\bibindent=\skip50
\bibparsep=\skip51
\bibitemsep=\skip52
)
(/usr/share/texlive/texmf-dist/tex/latex/tools/verbatim.sty
Package: verbatim 2014/10/28 v1.5q LaTeX2e package for verbatim enhancements
\every@verbatim=\toks27
\verbatim@line=\toks28
\verbatim@in@stream=\read1
) (./multirow.sty
\bigstrutjot=\dimen120
)
(/usr/share/texlive/texmf-dist/tex/latex/tools/bm.sty
Package: bm 2014/10/28 v1.1c Bold Symbol Support (DPC/FMi)
\symboldoperators=\mathgroup7
\symboldletters=\mathgroup8
\symboldsymbols=\mathgroup9
\symboldlasy=\mathgroup10
LaTeX Font Info:    Redeclaring math alphabet \mathbf on input line 141.
LaTeX Info: Redefining \bm on input line 207.
)
(/usr/share/texlive/texmf-dist/tex/latex/url/url.sty
\Urlmuskip=\muskip11
Package: url 2013/09/16  ver 3.4  Verb mode for urls, etc.
) (./algorithm.sty
Package: algorithm 2009/08/24 v0.1 Document Style `algorithm' - floating enviro
nment

(/usr/share/texlive/texmf-dist/tex/latex/float/float.sty
Package: float 2001/11/08 v1.3d Float enhancements (AL)
\c@float@type=\count106
\float@exts=\toks29
\float@box=\box28
\@float@everytoks=\toks30
\@floatcapt=\box29
)
(/usr/share/texlive/texmf-dist/tex/latex/base/ifthen.sty
Package: ifthen 2014/09/29 v1.1c Standard LaTeX ifthen package (DPC)
)
\@float@every@algorithm=\toks31
\c@algorithm=\count107
) (./algcompatible.sty
Package: algcompatible 
(./algorithmicx.sty
Package: algorithmicx 2005/04/27 v1.2 Algorithmicx

Document Style algorithmicx 1.2 - a greatly improved `algorithmic' style
\c@ALG@line=\count108
\c@ALG@rem=\count109
\c@ALG@nested=\count110
\ALG@tlm=\skip53
\ALG@thistlm=\skip54
\c@ALG@Lnr=\count111
\c@ALG@blocknr=\count112
\c@ALG@storecount=\count113
\c@ALG@tmpcounter=\count114
\ALG@tmplength=\skip55
)
Document Style - algorithmic compatible environments for the `algorithmicx' sty
le
) (./placeins.sty
Package: placeins 2005/04/18  v 2.2
) (/usr/share/texlive/texmf-dist/tex/latex/psnfss/times.sty
Package: times 2005/04/12 PSNFSS-v9.2a (SPQR) 
)
(/usr/share/texlive/texmf-dist/tex/latex/tools/array.sty
Package: array 2014/10/28 v2.4c Tabular extension package (FMi)
\col@sep=\dimen121
\extrarowheight=\dimen122
\NC@list=\toks32
\extratabsurround=\skip56
\backup@length=\skip57
)
(/usr/share/texlive/texmf-dist/tex/latex/subfig/subfig.sty
Package: subfig 2005/06/28 ver: 1.3 subfig package


Package subfig Warning: Your document class has a bad definition
 of \endfigure, most likely
 \let\endfigure=\end@float
 which has now been changed to
 \def\endfigure{\end@float}
 because otherwise subsequent changes to \end@float
 (like done by several packages changing float behaviour)
 can't take effect on \endfigure.
 Please complain to your document class author.


Package subfig Warning: Your document class has a bad definition
 of \endtable, most likely
 \let\endtable=\end@float
 which has now been changed to
 \def\endtable{\end@float}
 because otherwise subsequent changes to \end@float
 (like done by several packages changing float behaviour)
 can't take effect on \endtable.
 Please complain to your document class author.

(/usr/share/texlive/texmf-dist/tex/latex/caption/caption3.sty
Package: caption3 2016/02/04 v1.7-139 caption3 kernel (AR)
Package caption3 Info: TeX engine: e-TeX on input line 67.
\captionmargin=\dimen123
\captionmargin@=\dimen124
\captionwidth=\dimen125
\caption@tempdima=\dimen126
\caption@indent=\dimen127
\caption@parindent=\dimen128
\caption@hangindent=\dimen129
Package caption Info: Unknown document class (or package),
(caption)             standard defaults will be used.
)
\c@KVtest=\count115
\sf@farskip=\skip58
\sf@captopadj=\dimen130
\sf@capskip=\skip59
\sf@nearskip=\skip60
\c@subfigure=\count116
\c@subfigure@save=\count117
\c@lofdepth=\count118
\c@subtable=\count119
\c@subtable@save=\count120
\c@lotdepth=\count121
\sf@top=\skip61
\sf@bottom=\skip62
) (./thesis.aux
(./frontstuff.aux) (./intro.aux) (./literature.aux) (./methodology.aux)
(./results.aux))
\openout1 = `thesis.aux'.

LaTeX Font Info:    Checking defaults for OML/cmm/m/it on input line 45.
LaTeX Font Info:    ... okay on input line 45.
LaTeX Font Info:    Checking defaults for T1/cmr/m/n on input line 45.
LaTeX Font Info:    ... okay on input line 45.
LaTeX Font Info:    Checking defaults for OT1/cmr/m/n on input line 45.
LaTeX Font Info:    ... okay on input line 45.
LaTeX Font Info:    Checking defaults for OMS/cmsy/m/n on input line 45.
LaTeX Font Info:    ... okay on input line 45.
LaTeX Font Info:    Checking defaults for OMX/cmex/m/n on input line 45.
LaTeX Font Info:    ... okay on input line 45.
LaTeX Font Info:    Checking defaults for U/cmr/m/n on input line 45.
LaTeX Font Info:    ... okay on input line 45.
LaTeX Font Info:    Try loading font information for OT1+ptm on input line 45.
 (/usr/share/texlive/texmf-dist/tex/latex/psnfss/ot1ptm.fd
File: ot1ptm.fd 2001/06/04 font definitions for OT1/ptm.
)
(/usr/share/texlive/texmf-dist/tex/context/base/supp-pdf.mkii
[Loading MPS to PDF converter (version 2006.09.02).]
\scratchcounter=\count122
\scratchdimen=\dimen131
\scratchbox=\box30
\nofMPsegments=\count123
\nofMParguments=\count124
\everyMPshowfont=\toks33
\MPscratchCnt=\count125
\MPscratchDim=\dimen132
\MPnumerator=\count126
\makeMPintoPDFobject=\count127
\everyMPtoPDFconversion=\toks34
) (/usr/share/texlive/texmf-dist/tex/generic/oberdiek/pdftexcmds.sty
Package: pdftexcmds 2011/11/29 v0.20 Utility functions of pdfTeX for LuaTeX (HO
)

(/usr/share/texlive/texmf-dist/tex/generic/oberdiek/ifluatex.sty
Package: ifluatex 2010/03/01 v1.3 Provides the ifluatex switch (HO)
Package ifluatex Info: LuaTeX not detected.
)
(/usr/share/texlive/texmf-dist/tex/generic/oberdiek/ifpdf.sty
Package: ifpdf 2011/01/30 v2.3 Provides the ifpdf switch (HO)
Package ifpdf Info: pdfTeX in PDF mode is detected.
)
Package pdftexcmds Info: LuaTeX not detected.
Package pdftexcmds Info: \pdf@primitive is available.
Package pdftexcmds Info: \pdf@ifprimitive is available.
Package pdftexcmds Info: \pdfdraftmode found.
)
(/usr/share/texlive/texmf-dist/tex/latex/oberdiek/epstopdf-base.sty
Package: epstopdf-base 2010/02/09 v2.5 Base part for package epstopdf

(/usr/share/texlive/texmf-dist/tex/latex/oberdiek/grfext.sty
Package: grfext 2010/08/19 v1.1 Manage graphics extensions (HO)

(/usr/share/texlive/texmf-dist/tex/generic/oberdiek/kvdefinekeys.sty
Package: kvdefinekeys 2011/04/07 v1.3 Define keys (HO)
))
(/usr/share/texlive/texmf-dist/tex/latex/oberdiek/kvoptions.sty
Package: kvoptions 2011/06/30 v3.11 Key value format for package options (HO)

(/usr/share/texlive/texmf-dist/tex/generic/oberdiek/kvsetkeys.sty
Package: kvsetkeys 2012/04/25 v1.16 Key value parser (HO)

(/usr/share/texlive/texmf-dist/tex/generic/oberdiek/etexcmds.sty
Package: etexcmds 2011/02/16 v1.5 Avoid name clashes with e-TeX commands (HO)
Package etexcmds Info: Could not find \expanded.
(etexcmds)             That can mean that you are not using pdfTeX 1.50 or
(etexcmds)             that some package has redefined \expanded.
(etexcmds)             In the latter case, load this package earlier.
)))
Package grfext Info: Graphics extension search list:
(grfext)             [.png,.pdf,.jpg,.mps,.jpeg,.jbig2,.jb2,.PNG,.PDF,.JPG,.JPE
G,.JBIG2,.JB2,.eps]
(grfext)             \AppendGraphicsExtensions on input line 452.

(/usr/share/texlive/texmf-dist/tex/latex/latexconfig/epstopdf-sys.cfg
File: epstopdf-sys.cfg 2010/07/13 v1.3 Configuration of (r)epstopdf for TeX Liv
e
))

Package apacite Warning: Language definition file english.apc not found..

Package caption Info: Begin \AtBeginDocument code.
Package caption Info: subfig package v1.3 is loaded.
Package caption Info: End \AtBeginDocument code.
\openout2 = `frontstuff.aux'.

(./frontstuff.tex
LaTeX Font Info:    Font shape `OT1/ptm/bx/n' in size <12> not available
(Font)              Font shape `OT1/ptm/b/n' tried instead on input line 19.
LaTeX Font Info:    Try loading font information for U+lasy on input line 24.
 (/usr/share/texlive/texmf-dist/tex/latex/base/ulasy.fd
File: ulasy.fd 1998/08/17 v2.2e LaTeX symbol font definitions
)
LaTeX Font Info:    Try loading font information for U+msa on input line 24.

(/usr/share/texlive/texmf-dist/tex/latex/amsfonts/umsa.fd
File: umsa.fd 2013/01/14 v3.01 AMS symbols A
)
LaTeX Font Info:    Try loading font information for U+msb on input line 24.

(/usr/share/texlive/texmf-dist/tex/latex/amsfonts/umsb.fd
File: umsb.fd 2013/01/14 v3.01 AMS symbols B
)
LaTeX Font Info:    Font shape `U/lasy/b/n' in size <8> not available
(Font)              Font shape `U/lasy/m/n' tried instead on input line 24.
LaTeX Font Info:    Font shape `U/lasy/b/n' in size <6> not available
(Font)              Font shape `U/lasy/m/n' tried instead on input line 24.
 [1



{/var/lib/texmf/fonts/map/pdftex/updmap/pdftex.map}]
LaTeX Font Info:    Font shape `OT1/ptm/bx/n' in size <14.4> not available
(Font)              Font shape `OT1/ptm/b/n' tried instead on input line 90.
 (./thesis.toc
Underfull \hbox (badness 10000) in paragraph at lines 90--1

 []

)
\tf@toc=\write3
\openout3 = `thesis.toc'.

 [2


] (./thesis.lof)
\tf@lof=\write4
\openout4 = `thesis.lof'.

) [3

]
\openout2 = `intro.aux'.

 (./intro.tex
\relax \fontsize {14.4}{15}\selectfont {Chapter} 1.
[1



]
Underfull \hbox (badness 10000) in paragraph at lines 24--25

 []

[2]) [3]
\openout2 = `literature.aux'.

 (./literature.tex
\relax \fontsize {14.4}{15}\selectfont {Chapter} 2.
<figures/background.jpg, id=25, 511.9125pt x 268.00125pt>
File: figures/background.jpg Graphic file (type jpg)

<use figures/background.jpg>
Package pdftex.def Info: figures/background.jpg used on input line 19.
(pdftex.def)             Requested size: 289.07999pt x 151.34328pt.
LaTeX Font Info:    Font shape `OT1/ptm/bx/n' in size <10.95> not available
(Font)              Font shape `OT1/ptm/b/n' tried instead on input line 20.
 [4



]
<figures/knn.jpg, id=30, 395.4775pt x 309.155pt>
File: figures/knn.jpg Graphic file (type jpg)
 <use figures/knn.jpg>
Package pdftex.def Info: figures/knn.jpg used on input line 37.
(pdftex.def)             Requested size: 144.54pt x 112.98923pt.

<figures/svm.jpg, id=31, 360.34625pt x 306.14375pt>
File: figures/svm.jpg Graphic file (type jpg)
 <use figures/svm.jpg>
Package pdftex.def Info: figures/svm.jpg used on input line 47.
(pdftex.def)             Requested size: 144.54pt x 122.79633pt.

[5 <./figures/background.jpg> <./figures/knn.jpg>]
<figures/cnn.jpg, id=35, 544.1931pt x 127.1952pt>
File: figures/cnn.jpg Graphic file (type jpg)
 <use figures/cnn.jpg>
Package pdftex.def Info: figures/cnn.jpg used on input line 63.
(pdftex.def)             Requested size: 433.62pt x 101.35065pt.

[6 <./figures/svm.jpg>] [7 <./figures/cnn.jpg>]
<figures/haar.jpg, id=46, 208.78pt x 287.0725pt>
File: figures/haar.jpg Graphic file (type jpg)
 <use figures/haar.jpg>
Package pdftex.def Info: figures/haar.jpg used on input line 89.
(pdftex.def)             Requested size: 108.405pt x 149.05954pt.

<figures/hog.jpg, id=47, 813.0375pt x 255.95625pt>
File: figures/hog.jpg Graphic file (type jpg)
 <use figures/hog.jpg>
Package pdftex.def Info: figures/hog.jpg used on input line 101.
(pdftex.def)             Requested size: 361.34999pt x 113.75761pt.
Missing character: There is no ‚ in font ptmr7t!
Missing character: There is no Ä in font ptmr7t!
Missing character: There is no ú in font ptmr7t!
Missing character: There is no ‚ in font ptmr7t!
Missing character: There is no Ä in font ptmr7t!
Missing character: There is no ù in font ptmr7t!
Missing character: There is no ‚ in font ptmr7t!
Missing character: There is no Ä in font ptmr7t!
Missing character: There is no ú in font ptmr7t!
Missing character: There is no ‚ in font ptmr7t!
Missing character: There is no Ä in font ptmr7t!
Missing character: There is no ù in font ptmr7t!

[8 <./figures/haar.jpg>] <figures/rcnn.jpg, id=51, 657.45625pt x 241.90375pt>
File: figures/rcnn.jpg Graphic file (type jpg)

<use figures/rcnn.jpg>
Package pdftex.def Info: figures/rcnn.jpg used on input line 117.
(pdftex.def)             Requested size: 289.07999pt x 106.36415pt.
 [9 <./figures/hog.jpg>]
<figures/fastrcnn.jpg, id=55, 527.9725pt x 210.7875pt>
File: figures/fastrcnn.jpg Graphic file (type jpg)

<use figures/fastrcnn.jpg>
Package pdftex.def Info: figures/fastrcnn.jpg used on input line 127.
(pdftex.def)             Requested size: 289.07999pt x 115.41243pt.

<figures/fasterrcnn.jpg, id=56, 652.4375pt x 642.4pt>
File: figures/fasterrcnn.jpg Graphic file (type jpg)

<use figures/fasterrcnn.jpg>
Package pdftex.def Info: figures/fasterrcnn.jpg used on input line 137.
(pdftex.def)             Requested size: 144.54pt x 142.31845pt.
 <figures/rpn.jpg, id=57, 710.655pt x 421.575pt>
File: figures/rpn.jpg Graphic file (type jpg)

<use figures/rpn.jpg>
Package pdftex.def Info: figures/rpn.jpg used on input line 143.
(pdftex.def)             Requested size: 216.81pt x 128.61555pt.
 [10 <./figures/rcnn.jpg> <./figures/fastrcnn.jpg>]
[11 <./figures/fasterrcnn.jpg (PNG copy)> <./figures/rpn.jpg (PNG copy)>]
[12] <figures/learning.jpg, id=73, 846.16125pt x 599.23875pt>
File: figures/learning.jpg Graphic file (type jpg)

<use figures/learning.jpg>
Package pdftex.def Info: figures/learning.jpg used on input line 262.
(pdftex.def)             Requested size: 216.81pt x 153.53992pt.
 [13 <./figures/learning.jpg>] [14]
<figures/kalmanprocess.jpg, id=81, 675.52374pt x 337.26pt>
File: figures/kalmanprocess.jpg Graphic file (type jpg)

<use figures/kalmanprocess.jpg>
Package pdftex.def Info: figures/kalmanprocess.jpg used on input line 336.
(pdftex.def)             Requested size: 216.81pt x 108.24446pt.

<figures/kalman.jpg, id=82, 561.09625pt x 467.7475pt>
File: figures/kalman.jpg Graphic file (type jpg)
 <use figures/kalman.jpg>
Package pdftex.def Info: figures/kalman.jpg used on input line 343.
(pdftex.def)             Requested size: 289.07999pt x 240.98186pt.

[15] [16 <./figures/kalmanprocess.jpg> <./figures/kalman.jpg>])
\openout2 = `methodology.aux'.


(./methodology.tex
\relax \fontsize {14.4}{15}\selectfont {Chapter} 3.
<figures/workflow.jpg, id=90, 787.94376pt x 723.70375pt>
File: figures/workflow.jpg Graphic file (type jpg)

<use figures/workflow.jpg>
Package pdftex.def Info: figures/workflow.jpg used on input line 14.
(pdftex.def)             Requested size: 433.62pt x 398.25914pt.

<figures/opticalflowExample.jpg, id=91, 1857.94125pt x 993.7125pt>
File: figures/opticalflowExample.jpg Graphic file (type jpg)

<use figures/opticalflowExample.jpg>
Package pdftex.def Info: figures/opticalflowExample.jpg used on input line 24.
(pdftex.def)             Requested size: 433.62pt x 231.9152pt.

<figures/kalmanResult.jpg, id=92, 1852.9225pt x 1010.77625pt>
File: figures/kalmanResult.jpg Graphic file (type jpg)

<use figures/kalmanResult.jpg>
Package pdftex.def Info: figures/kalmanResult.jpg used on input line 34.
(pdftex.def)             Requested size: 433.62pt x 236.52994pt.

<figures/errorfromOF.jpg, id=93, 1834.855pt x 999.735pt>
File: figures/errorfromOF.jpg Graphic file (type jpg)

<use figures/errorfromOF.jpg>
Package pdftex.def Info: figures/errorfromOF.jpg used on input line 41.
(pdftex.def)             Requested size: 433.62pt x 236.24966pt.
 [17




] [18 <./figures/workflow.jpg>] [19 <./figures/opticalflowExample.jpg> <./figur
es/kalmanResult.jpg>] [20 <./figures/errorfromOF.jpg>])
\openout2 = `results.aux'.

 (./results.tex
\relax \fontsize {14.4}{15}\selectfont {Chapter} 4.
) [21




] (./thesis.bbl) [22


] (./thesis.aux (./frontstuff.aux) (./intro.aux)
(./literature.aux) (./methodology.aux) (./results.aux)) ) 
Here is how much of TeX's memory you used:
 4694 strings out of 494953
 65306 string characters out of 6180977
 134939 words of memory out of 5000000
 7796 multiletter control sequences out of 15000+600000
 23891 words of font info for 68 fonts, out of 8000000 for 9000
 14 hyphenation exceptions out of 8191
 38i,14n,38p,1288b,268s stack positions out of 5000i,500n,10000p,200000b,80000s
{/usr/share/texlive/te
xmf-dist/fonts/enc/dvips/base/8r.enc}</usr/share/texlive/texmf-dist/fonts/type1
/public/amsfonts/cm/cmex10.pfb></usr/share/texlive/texmf-dist/fonts/type1/publi
c/amsfonts/cm/cmmi10.pfb></usr/share/texlive/texmf-dist/fonts/type1/public/amsf
onts/cm/cmmi6.pfb></usr/share/texlive/texmf-dist/fonts/type1/public/amsfonts/cm
/cmmi8.pfb></usr/share/texlive/texmf-dist/fonts/type1/public/amsfonts/cm/cmr10.
pfb></usr/share/texlive/texmf-dist/fonts/type1/public/amsfonts/cm/cmr6.pfb></us
r/share/texlive/texmf-dist/fonts/type1/public/amsfonts/cm/cmr8.pfb></usr/share/
texlive/texmf-dist/fonts/type1/public/amsfonts/cm/cmsy10.pfb></usr/share/texliv
e/texmf-dist/fonts/type1/public/amsfonts/cm/cmsy8.pfb></usr/share/texlive/texmf
-dist/fonts/type1/urw/times/utmb8a.pfb></usr/share/texlive/texmf-dist/fonts/typ
e1/urw/times/utmr8a.pfb></usr/share/texlive/texmf-dist/fonts/type1/urw/times/ut
mri8a.pfb>
Output written on thesis.pdf (25 pages, 4222407 bytes).
PDF statistics:
 153 PDF objects out of 1000 (max. 8388607)
 95 compressed objects within 1 object stream
 0 named destinations out of 1000 (max. 500000)
 86 words of extra memory for PDF output out of 10000 (max. 10000000)

